  Assembling libkdump\meltdown.asm...
libkdump\meltdown.asm(3): error A2008: syntax error : integer
libkdump\meltdown.asm(8): error A2008: syntax error : ,
libkdump\meltdown.asm(4): error A2009: syntax error in expression
libkdump\meltdown.asm(5): error A2009: syntax error in expression
libkdump\meltdown.asm(6): error A2006: undefined symbol : $12
libkdump\meltdown.asm(7): error A2076: jump destination must specify a label
C:\Program Files\Microsoft Visual Studio\2022\Community\MSBuild\Microsoft\VC\v170\BuildCustomizations\masm.targets(70,5): error MSB3721: The command "ml64.exe /c /nologo /Zi /Fo"x64\Debug\meltdown.obj" /W3 /errorReport:prompt  /Talibkdump\meltdown.asm" exited with code 1.
